<?xml version="1.0" encoding="UTF-8"?>
<!-- Generated by org.testng.reporters.JUnitReportReporter -->
<testsuite hostname="LAPTOP-N6FJKI40" failures="0" tests="2" name="com.liveproject.LoginTest" time="97.495" errors="0" timestamp="2022-06-17T23:12:46 IST" skipped="0">
  <testcase classname="com.liveproject.LoginTest" name="loginRediff" time="61.034"/>
  <system-out/>
  <testcase classname="com.liveproject.LoginTest" name="loginRediff" time="36.461"/>
  <system-out/>
</testsuite> <!-- com.liveproject.LoginTest -->
